# JRE version: OpenJDK Runtime Environment (11.0.10) (build 11.0.10+0-b96-7249189)
# Java VM: OpenJDK 64-Bit Server VM (11.0.10+0-b96-7249189, mixed mode, tiered, compressed oops, g1 gc, windows-amd64)
Heap:
 garbage-first heap   total 496640K, used 264848K [0x0000000080000000, 0x0000000100000000)
  region size 1024K, 2 young (2048K), 2 survivors (2048K)
 Metaspace       used 98354K, capacity 100823K, committed 100944K, reserved 1136640K
  class space    used 12721K, capacity 13650K, committed 13696K, reserved 1048576K
GC Heap History (20 events):
Event: 14.221 GC heap after
{Heap after GC invocations=21 (full 0):
 garbage-first heap   total 262144K, used 161608K [0x0000000080000000, 0x0000000100000000)
  region size 1024K, 4 young (4096K), 4 survivors (4096K)
 Metaspace       used 95529K, capacity 97777K, committed 98384K, reserved 1134592K
  class space    used 12127K, capacity 12945K, committed 13184K, reserved 1048576K
}
Event: 14.423 GC heap before
{Heap before GC invocations=22 (full 0):
 garbage-first heap   total 262144K, used 195400K [0x0000000080000000, 0x0000000100000000)
  region size 1024K, 37 young (37888K), 4 survivors (4096K)
 Metaspace       used 95833K, capacity 98132K, committed 98640K, reserved 1134592K
  class space    used 12169K, capacity 13025K, committed 13184K, reserved 1048576K
}
Event: 14.438 GC heap after
{Heap after GC invocations=23 (full 0):
 garbage-first heap   total 262144K, used 177152K [0x0000000080000000, 0x0000000100000000)
  region size 1024K, 5 young (5120K), 5 survivors (5120K)
 Metaspace       used 95833K, capacity 98132K, committed 98640K, reserved 1134592K
  class space    used 12169K, capacity 13025K, committed 13184K, reserved 1048576K
}
Event: 14.621 GC heap before
{Heap before GC invocations=24 (full 0):
 garbage-first heap   total 262144K, used 208896K [0x0000000080000000, 0x0000000100000000)
  region size 1024K, 33 young (33792K), 5 survivors (5120K)
 Metaspace       used 98202K, capacity 100682K, committed 100944K, reserved 1136640K
  class space    used 12718K, capacity 13650K, committed 13696K, reserved 1048576K
}
Event: 14.636 GC heap after
{Heap after GC invocations=25 (full 0):
 garbage-first heap   total 262144K, used 192544K [0x0000000080000000, 0x0000000100000000)
  region size 1024K, 5 young (5120K), 5 survivors (5120K)
 Metaspace       used 98202K, capacity 100682K, committed 100944K, reserved 1136640K
  class space    used 12718K, capacity 13650K, committed 13696K, reserved 1048576K
}
Event: 14.697 GC heap before
{Heap before GC invocations=25 (full 0):
 garbage-first heap   total 262144K, used 213024K [0x0000000080000000, 0x0000000100000000)
  region size 1024K, 26 young (26624K), 5 survivors (5120K)
 Metaspace       used 98302K, capacity 100753K, committed 100944K, reserved 1136640K
  class space    used 12720K, capacity 13650K, committed 13696K, reserved 1048576K
}
Event: 14.711 GC heap after
{Heap after GC invocations=26 (full 0):
 garbage-first heap   total 262144K, used 204221K [0x0000000080000000, 0x0000000100000000)
  region size 1024K, 4 young (4096K), 4 survivors (4096K)
 Metaspace       used 98302K, capacity 100753K, committed 100944K, reserved 1136640K
  class space    used 12720K, capacity 13650K, committed 13696K, reserved 1048576K
}
Event: 14.804 GC heap before
{Heap before GC invocations=26 (full 0):
 garbage-first heap   total 262144K, used 218557K [0x0000000080000000, 0x0000000100000000)
  region size 1024K, 19 young (19456K), 4 survivors (4096K)
 Metaspace       used 98323K, capacity 100755K, committed 100944K, reserved 1136640K
  class space    used 12720K, capacity 13650K, committed 13696K, reserved 1048576K
}
Event: 14.814 GC heap after
{Heap after GC invocations=27 (full 0):
 garbage-first heap   total 262144K, used 212985K [0x0000000080000000, 0x0000000100000000)
  region size 1024K, 3 young (3072K), 3 survivors (3072K)
 Metaspace       used 98323K, capacity 100755K, committed 100944K, reserved 1136640K
  class space    used 12720K, capacity 13650K, committed 13696K, reserved 1048576K
}
Event: 14.853 GC heap before
{Heap before GC invocations=27 (full 0):
 garbage-first heap   total 262144K, used 224249K [0x0000000080000000, 0x0000000100000000)
  region size 1024K, 14 young (14336K), 3 survivors (3072K)
 Metaspace       used 98329K, capacity 100755K, committed 100944K, reserved 1136640K
  class space    used 12720K, capacity 13650K, committed 13696K, reserved 1048576K
}
Event: 14.861 GC heap after
{Heap after GC invocations=28 (full 0):
 garbage-first heap   total 262144K, used 219279K [0x0000000080000000, 0x0000000100000000)
  region size 1024K, 2 young (2048K), 2 survivors (2048K)
 Metaspace       used 98329K, capacity 100755K, committed 100944K, reserved 1136640K
  class space    used 12720K, capacity 13650K, committed 13696K, reserved 1048576K
}
Event: 14.910 GC heap before
{Heap before GC invocations=28 (full 0):
 garbage-first heap   total 262144K, used 226447K [0x0000000080000000, 0x0000000100000000)
  region size 1024K, 12 young (12288K), 2 survivors (2048K)
 Metaspace       used 98331K, capacity 100755K, committed 100944K, reserved 1136640K
  class space    used 12720K, capacity 13650K, committed 13696K, reserved 1048576K
}
Event: 14.919 GC heap after
{Heap after GC invocations=29 (full 0):
 garbage-first heap   total 315392K, used 223113K [0x0000000080000000, 0x0000000100000000)
  region size 1024K, 2 young (2048K), 2 survivors (2048K)
 Metaspace       used 98331K, capacity 100755K, committed 100944K, reserved 1136640K
  class space    used 12720K, capacity 13650K, committed 13696K, reserved 1048576K
}
Event: 15.011 GC heap before
{Heap before GC invocations=30 (full 0):
 garbage-first heap   total 315392K, used 247689K [0x0000000080000000, 0x0000000100000000)
  region size 1024K, 27 young (27648K), 2 survivors (2048K)
 Metaspace       used 98347K, capacity 100758K, committed 100944K, reserved 1136640K
  class space    used 12721K, capacity 13650K, committed 13696K, reserved 1048576K
}
Event: 15.022 GC heap after
{Heap after GC invocations=31 (full 0):
 garbage-first heap   total 315392K, used 237061K [0x0000000080000000, 0x0000000100000000)
  region size 1024K, 4 young (4096K), 4 survivors (4096K)
 Metaspace       used 98347K, capacity 100758K, committed 100944K, reserved 1136640K
  class space    used 12721K, capacity 13650K, committed 13696K, reserved 1048576K
}
Event: 15.069 GC heap before
{Heap before GC invocations=31 (full 0):
 garbage-first heap   total 315392K, used 257541K [0x0000000080000000, 0x0000000100000000)
  region size 1024K, 24 young (24576K), 4 survivors (4096K)
 Metaspace       used 98351K, capacity 100822K, committed 100944K, reserved 1136640K
  class space    used 12721K, capacity 13650K, committed 13696K, reserved 1048576K
}
Event: 15.081 GC heap after
{Heap after GC invocations=32 (full 0):
 garbage-first heap   total 315392K, used 248982K [0x0000000080000000, 0x0000000100000000)
  region size 1024K, 3 young (3072K), 3 survivors (3072K)
 Metaspace       used 98351K, capacity 100822K, committed 100944K, reserved 1136640K
  class space    used 12721K, capacity 13650K, committed 13696K, reserved 1048576K
}
Event: 15.136 GC heap before
{Heap before GC invocations=32 (full 0):
 garbage-first heap   total 315392K, used 263318K [0x0000000080000000, 0x0000000100000000)
  region size 1024K, 17 young (17408K), 3 survivors (3072K)
 Metaspace       used 98353K, capacity 100823K, committed 100944K, reserved 1136640K
  class space    used 12721K, capacity 13650K, committed 13696K, reserved 1048576K
}
Event: 15.144 GC heap after
{Heap after GC invocations=33 (full 0):
 garbage-first heap   total 315392K, used 257369K [0x0000000080000000, 0x0000000100000000)
  region size 1024K, 3 young (3072K), 3 survivors (3072K)
 Metaspace       used 98353K, capacity 100823K, committed 100944K, reserved 1136640K
  class space    used 12721K, capacity 13650K, committed 13696K, reserved 1048576K
}
Event: 15.182 GC heap before
{Heap before GC invocations=33 (full 0):
 garbage-first heap   total 315392K, used 269657K [0x0000000080000000, 0x0000000100000000)
  region size 1024K, 15 young (15360K), 3 survivors (3072K)
 Metaspace       used 98354K, capacity 100823K, committed 100944K, reserved 1136640K
  class space    used 12721K, capacity 13650K, committed 13696K, reserved 1048576K
}

