# JRE version: OpenJDK Runtime Environment (11.0.10) (build 11.0.10+0-b96-7249189)
# Java VM: OpenJDK 64-Bit Server VM (11.0.10+0-b96-7249189, mixed mode, tiered, compressed oops, g1 gc, windows-amd64)
Heap:
 garbage-first heap   total 428032K, used 248669K [0x0000000080000000, 0x0000000100000000)
  region size 1024K, 2 young (2048K), 2 survivors (2048K)
 Metaspace       used 106712K, capacity 109263K, committed 109808K, reserved 1144832K
  class space    used 13441K, capacity 14357K, committed 14540K, reserved 1048576K
GC Heap History (20 events):
Event: 137.565 GC heap after
{Heap after GC invocations=26 (full 0):
 garbage-first heap   total 262144K, used 193536K [0x0000000080000000, 0x0000000100000000)
  region size 1024K, 6 young (6144K), 6 survivors (6144K)
 Metaspace       used 104455K, capacity 106948K, committed 107632K, reserved 1142784K
  class space    used 12974K, capacity 13888K, committed 14156K, reserved 1048576K
}
Event: 137.596 GC heap before
{Heap before GC invocations=26 (full 0):
 garbage-first heap   total 262144K, used 203776K [0x0000000080000000, 0x0000000100000000)
  region size 1024K, 17 young (17408K), 6 survivors (6144K)
 Metaspace       used 104455K, capacity 106948K, committed 107632K, reserved 1142784K
  class space    used 12974K, capacity 13888K, committed 14156K, reserved 1048576K
}
Event: 137.609 GC heap after
{Heap after GC invocations=27 (full 0):
 garbage-first heap   total 262144K, used 199041K [0x0000000080000000, 0x0000000100000000)
  region size 1024K, 4 young (4096K), 4 survivors (4096K)
 Metaspace       used 104455K, capacity 106948K, committed 107632K, reserved 1142784K
  class space    used 12974K, capacity 13888K, committed 14156K, reserved 1048576K
}
Event: 137.767 GC heap before
{Heap before GC invocations=27 (full 0):
 garbage-first heap   total 262144K, used 216449K [0x0000000080000000, 0x0000000100000000)
  region size 1024K, 21 young (21504K), 4 survivors (4096K)
 Metaspace       used 106871K, capacity 109551K, committed 109808K, reserved 1144832K
  class space    used 13534K, capacity 14528K, committed 14540K, reserved 1048576K
}
Event: 137.778 GC heap after
{Heap after GC invocations=28 (full 0):
 garbage-first heap   total 262144K, used 205941K [0x0000000080000000, 0x0000000100000000)
  region size 1024K, 3 young (3072K), 3 survivors (3072K)
 Metaspace       used 106871K, capacity 109551K, committed 109808K, reserved 1144832K
  class space    used 13534K, capacity 14528K, committed 14540K, reserved 1048576K
}
Event: 137.834 GC heap before
{Heap before GC invocations=29 (full 0):
 garbage-first heap   total 262144K, used 220277K [0x0000000080000000, 0x0000000100000000)
  region size 1024K, 17 young (17408K), 3 survivors (3072K)
 Metaspace       used 106919K, capacity 109618K, committed 109808K, reserved 1144832K
  class space    used 13535K, capacity 14528K, committed 14540K, reserved 1048576K
}
Event: 137.844 GC heap after
{Heap after GC invocations=30 (full 0):
 garbage-first heap   total 262144K, used 213694K [0x0000000080000000, 0x0000000100000000)
  region size 1024K, 3 young (3072K), 3 survivors (3072K)
 Metaspace       used 106919K, capacity 109618K, committed 109808K, reserved 1144832K
  class space    used 13535K, capacity 14528K, committed 14540K, reserved 1048576K
}
Event: 137.877 GC heap before
{Heap before GC invocations=30 (full 0):
 garbage-first heap   total 262144K, used 222910K [0x0000000080000000, 0x0000000100000000)
  region size 1024K, 12 young (12288K), 3 survivors (3072K)
 Metaspace       used 106936K, capacity 109619K, committed 109808K, reserved 1144832K
  class space    used 13535K, capacity 14528K, committed 14540K, reserved 1048576K
}
Event: 137.885 GC heap after
{Heap after GC invocations=31 (full 0):
 garbage-first heap   total 262144K, used 216697K [0x0000000080000000, 0x0000000100000000)
  region size 1024K, 2 young (2048K), 2 survivors (2048K)
 Metaspace       used 106936K, capacity 109619K, committed 109808K, reserved 1144832K
  class space    used 13535K, capacity 14528K, committed 14540K, reserved 1048576K
}
Event: 137.928 GC heap before
{Heap before GC invocations=31 (full 0):
 garbage-first heap   total 262144K, used 226937K [0x0000000080000000, 0x0000000100000000)
  region size 1024K, 12 young (12288K), 2 survivors (2048K)
 Metaspace       used 106953K, capacity 109620K, committed 109808K, reserved 1144832K
  class space    used 13535K, capacity 14528K, committed 14540K, reserved 1048576K
}
Event: 137.937 GC heap after
{Heap after GC invocations=32 (full 0):
 garbage-first heap   total 262144K, used 222411K [0x0000000080000000, 0x0000000100000000)
  region size 1024K, 2 young (2048K), 2 survivors (2048K)
 Metaspace       used 106953K, capacity 109620K, committed 109808K, reserved 1144832K
  class space    used 13535K, capacity 14528K, committed 14540K, reserved 1048576K
}
Event: 137.975 GC heap before
{Heap before GC invocations=32 (full 0):
 garbage-first heap   total 262144K, used 232651K [0x0000000080000000, 0x0000000100000000)
  region size 1024K, 12 young (12288K), 2 survivors (2048K)
 Metaspace       used 106960K, capacity 109620K, committed 109808K, reserved 1144832K
  class space    used 13535K, capacity 14528K, committed 14540K, reserved 1048576K
}
Event: 137.982 GC heap after
{Heap after GC invocations=33 (full 0):
 garbage-first heap   total 262144K, used 227923K [0x0000000080000000, 0x0000000100000000)
  region size 1024K, 2 young (2048K), 2 survivors (2048K)
 Metaspace       used 106960K, capacity 109620K, committed 109808K, reserved 1144832K
  class space    used 13535K, capacity 14528K, committed 14540K, reserved 1048576K
}
Event: 138.019 GC heap before
{Heap before GC invocations=33 (full 0):
 garbage-first heap   total 262144K, used 238163K [0x0000000080000000, 0x0000000100000000)
  region size 1024K, 12 young (12288K), 2 survivors (2048K)
 Metaspace       used 106962K, capacity 109684K, committed 109808K, reserved 1144832K
  class space    used 13535K, capacity 14528K, committed 14540K, reserved 1048576K
}
Event: 138.028 GC heap after
{Heap after GC invocations=34 (full 0):
 garbage-first heap   total 262144K, used 233009K [0x0000000080000000, 0x0000000100000000)
  region size 1024K, 2 young (2048K), 2 survivors (2048K)
 Metaspace       used 106962K, capacity 109684K, committed 109808K, reserved 1144832K
  class space    used 13535K, capacity 14528K, committed 14540K, reserved 1048576K
}
Event: 138.073 GC heap before
{Heap before GC invocations=34 (full 0):
 garbage-first heap   total 262144K, used 243249K [0x0000000080000000, 0x0000000100000000)
  region size 1024K, 12 young (12288K), 2 survivors (2048K)
 Metaspace       used 106965K, capacity 109684K, committed 109808K, reserved 1144832K
  class space    used 13535K, capacity 14528K, committed 14540K, reserved 1048576K
}
Event: 138.079 GC heap after
{Heap after GC invocations=35 (full 0):
 garbage-first heap   total 262144K, used 238472K [0x0000000080000000, 0x0000000100000000)
  region size 1024K, 2 young (2048K), 2 survivors (2048K)
 Metaspace       used 106965K, capacity 109684K, committed 109808K, reserved 1144832K
  class space    used 13535K, capacity 14528K, committed 14540K, reserved 1048576K
}
Event: 138.183 GC heap before
{Heap before GC invocations=35 (full 0):
 garbage-first heap   total 262144K, used 246664K [0x0000000080000000, 0x0000000100000000)
  region size 1024K, 12 young (12288K), 2 survivors (2048K)
 Metaspace       used 106710K, capacity 109263K, committed 109808K, reserved 1144832K
  class space    used 13441K, capacity 14357K, committed 14540K, reserved 1048576K
}
Event: 138.193 GC heap after
{Heap after GC invocations=36 (full 0):
 garbage-first heap   total 262144K, used 243156K [0x0000000080000000, 0x0000000100000000)
  region size 1024K, 2 young (2048K), 2 survivors (2048K)
 Metaspace       used 106710K, capacity 109263K, committed 109808K, reserved 1144832K
  class space    used 13441K, capacity 14357K, committed 14540K, reserved 1048576K
}
Event: 138.255 GC heap before
{Heap before GC invocations=36 (full 0):
 garbage-first heap   total 262144K, used 253396K [0x0000000080000000, 0x0000000100000000)
  region size 1024K, 12 young (12288K), 2 survivors (2048K)
 Metaspace       used 106712K, capacity 109263K, committed 109808K, reserved 1144832K
  class space    used 13441K, capacity 14357K, committed 14540K, reserved 1048576K
}

